2026-07-16 18:15:02,605 - INFO - ======================================================================
2026-07-16 18:15:02,605 - INFO - Checking Git Installation...
2026-07-16 18:15:02,605 - INFO - ======================================================================
2026-07-16 18:15:02,623 - INFO - Git Found
2026-07-16 18:15:02,623 - INFO - Status flag: True (True = clone, False = skip)
2026-07-16 18:15:02,623 - INFO - 
Downloading Dataset Repository...

2026-07-16 18:17:33,649 - INFO - 
Repository Ready.
2026-07-16 18:17:33,649 - INFO - 
data.yaml Found
AerialDataset\data.yaml
2026-07-16 18:17:33,660 - INFO - Updated data.yaml path to: C:\Users\ganapati k n\Downloads\Computer_vision\ML_TRAIN\AerialDataset
2026-07-16 18:17:33,764 - INFO - 
Checking dataset integrity...
2026-07-16 18:17:34,540 - INFO - Dataset check complete.
2026-07-16 18:17:34,540 - INFO - 
======================================================================
2026-07-16 18:17:34,540 - INFO - Training Started : 2026-07-16 18:17:34.540079
2026-07-16 18:17:34,540 - INFO - ======================================================================
2026-07-16 18:34:38,316 - INFO - ======================================================================
2026-07-16 18:34:38,318 - INFO - Checking Git Installation...
2026-07-16 18:34:38,318 - INFO - ======================================================================
2026-07-16 18:34:38,330 - INFO - Git Found
2026-07-16 18:34:38,332 - INFO - Status flag: True (True = clone, False = skip)
2026-07-16 18:34:38,332 - INFO - 
Dataset already exists.
2026-07-16 18:34:38,332 - INFO - Updating Repository...

2026-07-16 18:34:40,484 - INFO - 
Repository Ready.
2026-07-16 18:34:40,485 - INFO - 
data.yaml Found
AerialDataset\data.yaml
2026-07-16 18:34:40,488 - INFO - Updated data.yaml path to: C:\Users\ganapati k n\Downloads\Computer_vision\ML_TRAIN\AerialDataset
2026-07-16 18:34:40,488 - INFO - 
Checking dataset integrity...
2026-07-16 18:34:42,452 - INFO - Dataset check complete.
2026-07-16 18:34:42,452 - INFO - 
======================================================================
2026-07-16 18:34:42,453 - INFO - Training Started : 2026-07-16 18:34:42.452779
2026-07-16 18:34:42,453 - INFO - ======================================================================
2026-07-16 18:40:55,943 - INFO - ======================================================================
2026-07-16 18:40:55,944 - INFO - Checking Git Installation...
2026-07-16 18:40:55,944 - INFO - ======================================================================
2026-07-16 18:40:55,954 - INFO - Git Found
2026-07-16 18:40:55,954 - INFO - Status flag: True (True = clone, False = skip)
2026-07-16 18:40:55,954 - INFO - 
Downloading Dataset Repository...

2026-07-16 19:01:36,475 - INFO - ======================================================================
2026-07-16 19:01:36,475 - INFO - Checking Git Installation...
2026-07-16 19:01:36,475 - INFO - ======================================================================
2026-07-16 19:01:36,486 - INFO - Git Found
2026-07-16 19:01:36,487 - INFO - Dataset not found. Will clone.
2026-07-16 19:01:36,487 - INFO - 
Cloning repository...
2026-07-16 19:01:36,488 - INFO - Downloading Dataset Repository...
